<?xml version="1.0" encoding="UTF-8"?>
<testng-results skipped="0" failed="0" ignored="0" total="1" passed="1">
  <reporter-output>
  </reporter-output>
  <suite name="Default suite" duration-ms="54876" started-at="2018-02-08T12:22:43Z" finished-at="2018-02-08T12:23:38Z">
    <groups>
    </groups>
    <test name="Default test" duration-ms="54876" started-at="2018-02-08T12:22:43Z" finished-at="2018-02-08T12:23:38Z">
      <class name="testCases.NewTest">
        <test-method status="PASS" signature="setUp()[pri:0, instance:testCases.NewTest@7a3d45bd]" name="setUp" is-config="true" duration-ms="17727" started-at="2018-02-08T17:52:43Z" finished-at="2018-02-08T17:53:01Z">
          <reporter-output>
          </reporter-output>
        </test-method> <!-- setUp -->
        <test-method status="PASS" signature="login()[pri:0, instance:testCases.NewTest@7a3d45bd]" name="login" is-config="true" duration-ms="5488" started-at="2018-02-08T17:53:01Z" finished-at="2018-02-08T17:53:06Z">
          <reporter-output>
          </reporter-output>
        </test-method> <!-- login -->
        <test-method status="PASS" signature="selectFadedTshirt()[pri:0, instance:testCases.NewTest@7a3d45bd]" name="selectFadedTshirt" duration-ms="28922" started-at="2018-02-08T17:53:06Z" finished-at="2018-02-08T17:53:35Z">
          <reporter-output>
          </reporter-output>
        </test-method> <!-- selectFadedTshirt -->
        <test-method status="PASS" signature="logout()[pri:0, instance:testCases.NewTest@7a3d45bd]" name="logout" is-config="true" duration-ms="93" started-at="2018-02-08T17:53:35Z" finished-at="2018-02-08T17:53:35Z">
          <reporter-output>
          </reporter-output>
        </test-method> <!-- logout -->
        <test-method status="PASS" signature="setDown()[pri:0, instance:testCases.NewTest@7a3d45bd]" name="setDown" is-config="true" duration-ms="2622" started-at="2018-02-08T17:53:35Z" finished-at="2018-02-08T17:53:38Z">
          <reporter-output>
          </reporter-output>
        </test-method> <!-- setDown -->
      </class> <!-- testCases.NewTest -->
    </test> <!-- Default test -->
  </suite> <!-- Default suite -->
</testng-results>
